===== node/npm =====
v22.23.1
10.9.8

===== npm ci (tail 30) =====
npm warn deprecated inflight@1.0.6: This module is not supported, and leaks memory. Do not use it. Check out lru-cache if you want a good and tested way to coalesce async requests by a key value, which is much more comprehensive and powerful.
npm warn deprecated glob@7.2.3: Glob versions prior to v9 are no longer supported

added 399 packages, and audited 400 packages in 6s

66 packages are looking for funding
  run `npm fund` for details

10 vulnerabilities (1 low, 4 moderate, 4 high, 1 critical)

To address all issues, run:
  npm audit fix

Run `npm audit` for details.
NPM_CI_EXIT=0

===== npm run lint / eslint (tail 60) =====

> action-action@0.1.0 lint
> eslint . --ext .ts


/workspace/webgrip/action-typescript-template/.releaserc.js
  14:21  error  'process' is not defined  no-undef
  43:1   error  'module' is not defined   no-undef

✖ 2 problems (2 errors, 0 warnings)

LINT_EXIT=1
